<?xml version="1.0" encoding="UTF-8"?>
<testng-results skipped="0" failed="0" ignored="0" total="1" passed="1">
  <reporter-output>
  </reporter-output>
  <suite name="Suite" duration-ms="6068" started-at="2022-10-10T16:04:25 IST" finished-at="2022-10-10T16:04:31 IST">
    <groups>
    </groups>
    <test name="Test" duration-ms="6068" started-at="2022-10-10T16:04:25 IST" finished-at="2022-10-10T16:04:31 IST">
      <class name="newmaven.MavenReport">
        <test-method status="PASS" signature="setup()[pri:0, instance:newmaven.MavenReport@305fd85d]" name="setup" is-config="true" duration-ms="2147" started-at="2022-10-10T16:04:25 IST" finished-at="2022-10-10T16:04:27 IST">
          <reporter-output>
          </reporter-output>
        </test-method> <!-- setup -->
        <test-method status="PASS" signature="test()[pri:0, instance:newmaven.MavenReport@305fd85d]" name="test" duration-ms="1258" started-at="2022-10-10T16:04:27 IST" finished-at="2022-10-10T16:04:28 IST">
          <reporter-output>
          </reporter-output>
        </test-method> <!-- test -->
        <test-method status="PASS" signature="teardown()[pri:0, instance:newmaven.MavenReport@305fd85d]" name="teardown" is-config="true" duration-ms="2640" started-at="2022-10-10T16:04:28 IST" finished-at="2022-10-10T16:04:31 IST">
          <reporter-output>
          </reporter-output>
        </test-method> <!-- teardown -->
      </class> <!-- newmaven.MavenReport -->
    </test> <!-- Test -->
  </suite> <!-- Suite -->
</testng-results>
