<?xml version="1.0" encoding="UTF-8"?>
<testng-results ignored="0" total="1" passed="1" failed="0" skipped="0">
  <reporter-output>
  </reporter-output>
  <suite started-at="2022-10-10T15:43:32 IST" name="Default suite" finished-at="2022-10-10T15:43:38 IST" duration-ms="6003">
    <groups>
    </groups>
    <test started-at="2022-10-10T15:43:32 IST" name="Default test" finished-at="2022-10-10T15:43:38 IST" duration-ms="6003">
      <class name="newmaven.MavenReport">
        <test-method is-config="true" signature="setup()[pri:0, instance:newmaven.MavenReport@169e6180]" started-at="2022-10-10T15:43:32 IST" name="setup" finished-at="2022-10-10T15:43:33 IST" duration-ms="1451" status="PASS">
          <reporter-output>
          </reporter-output>
        </test-method> <!-- setup -->
        <test-method signature="test()[pri:0, instance:newmaven.MavenReport@169e6180]" started-at="2022-10-10T15:43:34 IST" name="test" finished-at="2022-10-10T15:43:36 IST" duration-ms="2088" status="PASS">
          <reporter-output>
          </reporter-output>
        </test-method> <!-- test -->
        <test-method is-config="true" signature="teardown()[pri:0, instance:newmaven.MavenReport@169e6180]" started-at="2022-10-10T15:43:36 IST" name="teardown" finished-at="2022-10-10T15:43:38 IST" duration-ms="2436" status="PASS">
          <reporter-output>
          </reporter-output>
        </test-method> <!-- teardown -->
      </class> <!-- newmaven.MavenReport -->
    </test> <!-- Default test -->
  </suite> <!-- Default suite -->
</testng-results>
